<?xml version="1.0" encoding="UTF-8"?>
<testng-results ignored="0" total="1" passed="1" failed="0" skipped="0">
  <reporter-output>
  </reporter-output>
  <suite started-at="2021-06-24T08:09:28Z" name="OrangeHrm" finished-at="2021-06-24T08:10:21Z" duration-ms="53062">
    <groups>
    </groups>
    <test started-at="2021-06-24T08:09:28Z" name="Orange1" finished-at="2021-06-24T08:10:21Z" duration-ms="53062">
      <class name="com.orangehrm.tests.Login">
        <test-method is-config="true" signature="launchBrowser()[pri:0, instance:com.orangehrm.tests.Login@2f01783a]" started-at="2021-06-24T13:39:30Z" name="launchBrowser" finished-at="2021-06-24T13:40:20Z" duration-ms="49242" status="PASS">
          <reporter-output>
          </reporter-output>
        </test-method> <!-- launchBrowser -->
        <test-method signature="login_001()[pri:0, instance:com.orangehrm.tests.Login@2f01783a]" started-at="2021-06-24T13:40:20Z" name="login_001" finished-at="2021-06-24T13:40:21Z" duration-ms="1628" status="PASS">
          <reporter-output>
          </reporter-output>
        </test-method> <!-- login_001 -->
        <test-method is-config="true" signature="closeBrowser()[pri:0, instance:com.orangehrm.tests.Login@2f01783a]" started-at="2021-06-24T13:40:21Z" name="closeBrowser" finished-at="2021-06-24T13:40:21Z" duration-ms="103" status="PASS">
          <reporter-output>
          </reporter-output>
        </test-method> <!-- closeBrowser -->
      </class> <!-- com.orangehrm.tests.Login -->
    </test> <!-- Orange1 -->
  </suite> <!-- OrangeHrm -->
</testng-results>
