<?xml version="1.0" encoding="UTF-8"?>
<testng-results ignored="0" total="1" passed="1" failed="0" skipped="0">
  <reporter-output>
  </reporter-output>
  <suite started-at="2021-06-26T12:03:23Z" name="OrangeHrm" finished-at="2021-06-26T12:04:16Z" duration-ms="52865">
    <groups>
    </groups>
    <test started-at="2021-06-26T12:03:23Z" name="Orange1" finished-at="2021-06-26T12:04:16Z" duration-ms="52865">
      <class name="com.orangehrm.tests.Login">
        <test-method is-config="true" signature="launchBrowser()[pri:0, instance:com.orangehrm.tests.Login@12a94400]" started-at="2021-06-26T17:33:24Z" name="launchBrowser" finished-at="2021-06-26T17:34:14Z" duration-ms="50014" status="PASS">
          <reporter-output>
          </reporter-output>
        </test-method> <!-- launchBrowser -->
        <test-method signature="login_001()[pri:0, instance:com.orangehrm.tests.Login@12a94400]" started-at="2021-06-26T17:34:14Z" name="login_001" finished-at="2021-06-26T17:34:15Z" duration-ms="1611" status="PASS">
          <reporter-output>
          </reporter-output>
        </test-method> <!-- login_001 -->
        <test-method is-config="true" signature="closeBrowser()[pri:0, instance:com.orangehrm.tests.Login@12a94400]" started-at="2021-06-26T17:34:15Z" name="closeBrowser" finished-at="2021-06-26T17:34:16Z" duration-ms="195" status="PASS">
          <reporter-output>
          </reporter-output>
        </test-method> <!-- closeBrowser -->
      </class> <!-- com.orangehrm.tests.Login -->
    </test> <!-- Orange1 -->
  </suite> <!-- OrangeHrm -->
</testng-results>
